<?xml version="1.0" encoding="UTF-8"?>
<!-- Generated by org.testng.reporters.JUnitXMLReporter -->
<testsuite ignored="0" hostname="VICKS-PC" failures="0" tests="18" name="Regressions" time="35.023" errors="0" timestamp="25 Apr 2018 13:42:49 GMT">
  <testcase classname="com.codebase.WebTestClass" name="Test01_Verify_Google_Title" time="0.013"/>
  <testcase classname="com.codebase.WebTestClass" name="Test02_Verify_Google_Search_Button" time="0.113"/>
  <testcase classname="com.codebase.WebTestClass" name="Test03_Verify_Google_Feeling_Lucky_Button" time="0.085"/>
  <testcase classname="com.codebase.WebTestClass" name="Test04_Verify_Google_Field" time="0.083"/>
  <testcase classname="com.codebase.WebTestClass" name="Test05_Type_In_Google_Field" time="0.335"/>
  <testcase classname="com.codebase.WebTestClass" name="Test06_Verify_Country_Name" time="0.13"/>
  <testcase classname="com.codebase.WebTestClass2" name="Test01_Verify_Google_Title" time="0.01"/>
  <testcase classname="com.codebase.WebTestClass2" name="Test02_Verify_Google_Search_Button" time="0.087"/>
  <testcase classname="com.codebase.WebTestClass2" name="Test03_Verify_Google_Feeling_Lucky_Button" time="0.08"/>
  <testcase classname="com.codebase.WebTestClass2" name="Test04_Verify_Google_Field" time="0.112"/>
  <testcase classname="com.codebase.WebTestClass2" name="Test05_Type_In_Google_Field" time="0.368"/>
  <testcase classname="com.codebase.WebTestClass2" name="Test06_Verify_Country_Name" time="0.114"/>
  <testcase classname="com.codebase.WebTestClass3" name="Test01_Verify_Google_Title" time="0.008"/>
  <testcase classname="com.codebase.WebTestClass3" name="Test02_Verify_Google_Search_Button" time="0.085"/>
  <testcase classname="com.codebase.WebTestClass3" name="Test03_Verify_Google_Feeling_Lucky_Button" time="0.08"/>
  <testcase classname="com.codebase.WebTestClass3" name="Test04_Verify_Google_Field" time="0.083"/>
  <testcase classname="com.codebase.WebTestClass3" name="Test05_Type_In_Google_Field" time="0.375"/>
  <testcase classname="com.codebase.WebTestClass3" name="Test06_Verify_Country_Name" time="0.137"/>
</testsuite> <!-- Regressions -->
