<?xml version="1.0" encoding="UTF-8"?>
<!-- Generated by org.testng.reporters.JUnitXMLReporter -->
<testsuite ignored="0" hostname="VICKS-PC" failures="0" tests="18" name="Regressions" time="67.053" errors="0" timestamp="25 Apr 2018 14:23:59 GMT">
  <testcase classname="com.codebase.WebTestClass" name="Test01_Verify_Google_Title" time="0.053"/>
  <testcase classname="com.codebase.WebTestClass" name="Test02_Verify_Google_Search_Button" time="0.098"/>
  <testcase classname="com.codebase.WebTestClass" name="Test03_Verify_Google_Feeling_Lucky_Button" time="0.09"/>
  <testcase classname="com.codebase.WebTestClass" name="Test04_Verify_Google_Field" time="0.083"/>
  <testcase classname="com.codebase.WebTestClass" name="Test05_Type_In_Google_Field" time="0.406"/>
  <testcase classname="com.codebase.WebTestClass" name="Test06_Verify_Country_Name" time="0.12"/>
  <testcase classname="com.codebase.WebTestClass2" name="Test01_Verify_Google_Title" time="0.008"/>
  <testcase classname="com.codebase.WebTestClass2" name="Test02_Verify_Google_Search_Button" time="0.071"/>
  <testcase classname="com.codebase.WebTestClass2" name="Test03_Verify_Google_Feeling_Lucky_Button" time="0.078"/>
  <testcase classname="com.codebase.WebTestClass2" name="Test04_Verify_Google_Field" time="0.075"/>
  <testcase classname="com.codebase.WebTestClass2" name="Test05_Type_In_Google_Field" time="0.368"/>
  <testcase classname="com.codebase.WebTestClass2" name="Test06_Verify_Country_Name" time="0.122"/>
  <testcase classname="com.codebase.WebTestClass3" name="Test01_Verify_Google_Title" time="0.016"/>
  <testcase classname="com.codebase.WebTestClass3" name="Test02_Verify_Google_Search_Button" time="0.085"/>
  <testcase classname="com.codebase.WebTestClass3" name="Test03_Verify_Google_Feeling_Lucky_Button" time="0.06"/>
  <testcase classname="com.codebase.WebTestClass3" name="Test04_Verify_Google_Field" time="0.085"/>
  <testcase classname="com.codebase.WebTestClass3" name="Test05_Type_In_Google_Field" time="0.319"/>
  <testcase classname="com.codebase.WebTestClass3" name="Test06_Verify_Country_Name" time="0.132"/>
</testsuite> <!-- Regressions -->
