<?xml version="1.0" encoding="UTF-8"?>
<!-- Generated by org.testng.reporters.JUnitXMLReporter -->
<testsuite hostname="DESKTOP-5C984VO" ignored="0" name="Default test" tests="7" failures="0" timestamp="13 Jul 2018 12:31:48 GMT" time="20.725" errors="0">
  <testcase name="Test01_Verify_Google_Title" time="0.029" classname="com.codebase.WebTestClass"/>
  <testcase name="Test02_Verify_Google_Search_Button" time="0.157" classname="com.codebase.WebTestClass"/>
  <testcase name="Test03_Verify_Google_Feeling_Lucky_Button" time="0.069" classname="com.codebase.WebTestClass"/>
  <testcase name="Test04_Verify_Google_Field" time="0.093" classname="com.codebase.WebTestClass"/>
  <testcase name="Test05_Type_In_Google_Field" time="0.611" classname="com.codebase.WebTestClass"/>
  <testcase name="Test06_Verify_Country_Name" time="0.166" classname="com.codebase.WebTestClass"/>
  <testcase name="Test07_Verify_Advertising_Link" time="0.179" classname="com.codebase.WebTestClass"/>
</testsuite> <!-- Default test -->
