<?xml version="1.0" encoding="UTF-8"?>
<testsuite xmlns:xsi="http://www.w3.org/2001/XMLSchema-instance" xsi:noNamespaceSchemaLocation="https://maven.apache.org/surefire/maven-surefire-plugin/xsd/surefire-test-report.xsd" name="TestSuite" time="72.23" tests="18" errors="0" skipped="0" failures="0">
  <properties>
[...]
</properties>
  <testcase name="Test01_Verify_Google_Title" classname="com.codebase.WebTestClass" time="0.054"/>
  <testcase name="Test02_Verify_Google_Search_Button" classname="com.codebase.WebTestClass" time="0.106"/>
  <testcase name="Test03_Verify_Google_Feeling_Lucky_Button" classname="com.codebase.WebTestClass" time="0.08"/>
  <testcase name="Test04_Verify_Google_Field" classname="com.codebase.WebTestClass" time="0.093"/>
  <testcase name="Test05_Type_In_Google_Field" classname="com.codebase.WebTestClass" time="0.401"/>
  <testcase name="Test06_Verify_Country_Name" classname="com.codebase.WebTestClass" time="0.12"/>
  <testcase name="Test01_Verify_Google_Title" classname="com.codebase.WebTestClass2" time="0.007"/>
  <testcase name="Test02_Verify_Google_Search_Button" classname="com.codebase.WebTestClass2" time="0.081"/>
  <testcase name="Test03_Verify_Google_Feeling_Lucky_Button" classname="com.codebase.WebTestClass2" time="0.078"/>
  <testcase name="Test04_Verify_Google_Field" classname="com.codebase.WebTestClass2" time="0.072"/>
  <testcase name="Test05_Type_In_Google_Field" classname="com.codebase.WebTestClass2" time="0.362"/>
  <testcase name="Test06_Verify_Country_Name" classname="com.codebase.WebTestClass2" time="0.124"/>
  <testcase name="Test01_Verify_Google_Title" classname="com.codebase.WebTestClass3" time="0.015"/>
  <testcase name="Test02_Verify_Google_Search_Button" classname="com.codebase.WebTestClass3" time="0.094"/>
  <testcase name="Test03_Verify_Google_Feeling_Lucky_Button" classname="com.codebase.WebTestClass3" time="0.06"/>
  <testcase name="Test04_Verify_Google_Field" classname="com.codebase.WebTestClass3" time="0.078"/>
  <testcase name="Test05_Type_In_Google_Field" classname="com.codebase.WebTestClass3" time="0.316"/>
  <testcase name="Test06_Verify_Country_Name" classname="com.codebase.WebTestClass3" time="0.133"/>
</testsuite>