<?xml version="1.0" encoding="UTF-8"?>
<testng-results ignored="0" total="18" passed="18" failed="0" skipped="0">
  <reporter-output>
    <line>
      <![CDATA[setting value isnull]]>
    </line>
    <line>
      <![CDATA[=================================================================]]>
    </line>
    <line>
      <![CDATA[=================================================================]]>
    </line>
    <line>
      <![CDATA[[INFO]: TEST BROWSER IS  CHROME]]>
    </line>
    <line>
      <![CDATA[=================================================================]]>
    </line>
    <line>
      <![CDATA[=================================================================]]>
    </line>
    <line>
      <![CDATA[setting value isnull]]>
    </line>
    <line>
      <![CDATA[=================================================================]]>
    </line>
    <line>
      <![CDATA[=================================================================]]>
    </line>
    <line>
      <![CDATA[[INFO]: TEST BROWSER IS  CHROME]]>
    </line>
    <line>
      <![CDATA[=================================================================]]>
    </line>
    <line>
      <![CDATA[=================================================================]]>
    </line>
    <line>
      <![CDATA[setting value isnull]]>
    </line>
    <line>
      <![CDATA[=================================================================]]>
    </line>
    <line>
      <![CDATA[=================================================================]]>
    </line>
    <line>
      <![CDATA[[INFO]: TEST BROWSER IS  CHROME]]>
    </line>
    <line>
      <![CDATA[=================================================================]]>
    </line>
    <line>
      <![CDATA[=================================================================]]>
    </line>
  </reporter-output>
  <suite started-at="2018-04-23T23:36:57Z" name="CodeBaseSuite" finished-at="2018-04-23T23:37:39Z" duration-ms="42183">
    <groups>
    </groups>
    <test started-at="2018-04-23T23:36:57Z" name="Regressions" finished-at="2018-04-23T23:37:39Z" duration-ms="42183">
      <class name="com.codebase.WebTestClass3">
        <test-method is-config="true" signature="beforeClass()[pri:0, instance:com.codebase.WebTestClass3@5c671d7f]" started-at="2018-04-23T23:37:27Z" name="beforeClass" finished-at="2018-04-23T23:37:36Z" duration-ms="8764" status="PASS">
          <reporter-output>
            <line>
              <![CDATA[setting value isnull]]>
            </line>
            <line>
              <![CDATA[=================================================================]]>
            </line>
            <line>
              <![CDATA[=================================================================]]>
            </line>
            <line>
              <![CDATA[[INFO]: TEST BROWSER IS  CHROME]]>
            </line>
            <line>
              <![CDATA[=================================================================]]>
            </line>
            <line>
              <![CDATA[=================================================================]]>
            </line>
          </reporter-output>
        </test-method> <!-- beforeClass -->
        <test-method signature="Test01_Verify_Google_Title()[pri:0, instance:com.codebase.WebTestClass3@5c671d7f]" started-at="2018-04-23T23:37:36Z" name="Test01_Verify_Google_Title" finished-at="2018-04-23T23:37:36Z" duration-ms="6" status="PASS">
          <reporter-output>
          </reporter-output>
        </test-method> <!-- Test01_Verify_Google_Title -->
        <test-method signature="Test02_Verify_Google_Search_Button()[pri:0, instance:com.codebase.WebTestClass3@5c671d7f]" started-at="2018-04-23T23:37:36Z" name="Test02_Verify_Google_Search_Button" finished-at="2018-04-23T23:37:36Z" duration-ms="95" status="PASS">
          <reporter-output>
          </reporter-output>
        </test-method> <!-- Test02_Verify_Google_Search_Button -->
        <test-method signature="Test03_Verify_Google_Feeling_Lucky_Button()[pri:0, instance:com.codebase.WebTestClass3@5c671d7f]" started-at="2018-04-23T23:37:36Z" name="Test03_Verify_Google_Feeling_Lucky_Button" finished-at="2018-04-23T23:37:36Z" duration-ms="90" status="PASS">
          <reporter-output>
          </reporter-output>
        </test-method> <!-- Test03_Verify_Google_Feeling_Lucky_Button -->
        <test-method signature="Test04_Verify_Google_Field()[pri:0, instance:com.codebase.WebTestClass3@5c671d7f]" started-at="2018-04-23T23:37:36Z" name="Test04_Verify_Google_Field" finished-at="2018-04-23T23:37:36Z" duration-ms="81" status="PASS">
          <reporter-output>
          </reporter-output>
        </test-method> <!-- Test04_Verify_Google_Field -->
        <test-method signature="Test05_Type_In_Google_Field()[pri:0, instance:com.codebase.WebTestClass3@5c671d7f]" started-at="2018-04-23T23:37:36Z" name="Test05_Type_In_Google_Field" finished-at="2018-04-23T23:37:37Z" duration-ms="353" status="PASS">
          <reporter-output>
          </reporter-output>
        </test-method> <!-- Test05_Type_In_Google_Field -->
        <test-method signature="Test06_Verify_Country_Name()[pri:0, instance:com.codebase.WebTestClass3@5c671d7f]" started-at="2018-04-23T23:37:37Z" name="Test06_Verify_Country_Name" finished-at="2018-04-23T23:37:37Z" duration-ms="135" status="PASS">
          <reporter-output>
          </reporter-output>
        </test-method> <!-- Test06_Verify_Country_Name -->
        <test-method is-config="true" signature="afterClass()[pri:0, instance:com.codebase.WebTestClass3@5c671d7f]" started-at="2018-04-23T23:37:37Z" name="afterClass" finished-at="2018-04-23T23:37:39Z" duration-ms="2319" status="PASS">
          <reporter-output>
          </reporter-output>
        </test-method> <!-- afterClass -->
      </class> <!-- com.codebase.WebTestClass3 -->
      <class name="com.codebase.WebTestClass">
        <test-method is-config="true" signature="beforeClass()[pri:0, instance:com.codebase.WebTestClass@445b295b]" started-at="2018-04-23T23:36:57Z" name="beforeClass" finished-at="2018-04-23T23:37:12Z" duration-ms="14933" status="PASS">
          <reporter-output>
            <line>
              <![CDATA[setting value isnull]]>
            </line>
            <line>
              <![CDATA[=================================================================]]>
            </line>
            <line>
              <![CDATA[=================================================================]]>
            </line>
            <line>
              <![CDATA[[INFO]: TEST BROWSER IS  CHROME]]>
            </line>
            <line>
              <![CDATA[=================================================================]]>
            </line>
            <line>
              <![CDATA[=================================================================]]>
            </line>
          </reporter-output>
        </test-method> <!-- beforeClass -->
        <test-method signature="Test01_Verify_Google_Title()[pri:0, instance:com.codebase.WebTestClass@445b295b]" started-at="2018-04-23T23:37:12Z" name="Test01_Verify_Google_Title" finished-at="2018-04-23T23:37:12Z" duration-ms="9" status="PASS">
          <reporter-output>
          </reporter-output>
        </test-method> <!-- Test01_Verify_Google_Title -->
        <test-method signature="Test02_Verify_Google_Search_Button()[pri:0, instance:com.codebase.WebTestClass@445b295b]" started-at="2018-04-23T23:37:12Z" name="Test02_Verify_Google_Search_Button" finished-at="2018-04-23T23:37:12Z" duration-ms="99" status="PASS">
          <reporter-output>
          </reporter-output>
        </test-method> <!-- Test02_Verify_Google_Search_Button -->
        <test-method signature="Test03_Verify_Google_Feeling_Lucky_Button()[pri:0, instance:com.codebase.WebTestClass@445b295b]" started-at="2018-04-23T23:37:12Z" name="Test03_Verify_Google_Feeling_Lucky_Button" finished-at="2018-04-23T23:37:12Z" duration-ms="61" status="PASS">
          <reporter-output>
          </reporter-output>
        </test-method> <!-- Test03_Verify_Google_Feeling_Lucky_Button -->
        <test-method signature="Test04_Verify_Google_Field()[pri:0, instance:com.codebase.WebTestClass@445b295b]" started-at="2018-04-23T23:37:12Z" name="Test04_Verify_Google_Field" finished-at="2018-04-23T23:37:12Z" duration-ms="110" status="PASS">
          <reporter-output>
          </reporter-output>
        </test-method> <!-- Test04_Verify_Google_Field -->
        <test-method signature="Test05_Type_In_Google_Field()[pri:0, instance:com.codebase.WebTestClass@445b295b]" started-at="2018-04-23T23:37:12Z" name="Test05_Type_In_Google_Field" finished-at="2018-04-23T23:37:13Z" duration-ms="369" status="PASS">
          <reporter-output>
          </reporter-output>
        </test-method> <!-- Test05_Type_In_Google_Field -->
        <test-method signature="Test06_Verify_Country_Name()[pri:0, instance:com.codebase.WebTestClass@445b295b]" started-at="2018-04-23T23:37:13Z" name="Test06_Verify_Country_Name" finished-at="2018-04-23T23:37:13Z" duration-ms="109" status="PASS">
          <reporter-output>
          </reporter-output>
        </test-method> <!-- Test06_Verify_Country_Name -->
        <test-method is-config="true" signature="afterClass()[pri:0, instance:com.codebase.WebTestClass@445b295b]" started-at="2018-04-23T23:37:13Z" name="afterClass" finished-at="2018-04-23T23:37:15Z" duration-ms="2311" status="PASS">
          <reporter-output>
          </reporter-output>
        </test-method> <!-- afterClass -->
      </class> <!-- com.codebase.WebTestClass -->
      <class name="com.codebase.WebTestClass2">
        <test-method is-config="true" signature="beforeClass()[pri:0, instance:com.codebase.WebTestClass2@49e5f737]" started-at="2018-04-23T23:37:15Z" name="beforeClass" finished-at="2018-04-23T23:37:24Z" duration-ms="9240" status="PASS">
          <reporter-output>
            <line>
              <![CDATA[setting value isnull]]>
            </line>
            <line>
              <![CDATA[=================================================================]]>
            </line>
            <line>
              <![CDATA[=================================================================]]>
            </line>
            <line>
              <![CDATA[[INFO]: TEST BROWSER IS  CHROME]]>
            </line>
            <line>
              <![CDATA[=================================================================]]>
            </line>
            <line>
              <![CDATA[=================================================================]]>
            </line>
          </reporter-output>
        </test-method> <!-- beforeClass -->
        <test-method signature="Test01_Verify_Google_Title()[pri:0, instance:com.codebase.WebTestClass2@49e5f737]" started-at="2018-04-23T23:37:24Z" name="Test01_Verify_Google_Title" finished-at="2018-04-23T23:37:24Z" duration-ms="6" status="PASS">
          <reporter-output>
          </reporter-output>
        </test-method> <!-- Test01_Verify_Google_Title -->
        <test-method signature="Test02_Verify_Google_Search_Button()[pri:0, instance:com.codebase.WebTestClass2@49e5f737]" started-at="2018-04-23T23:37:24Z" name="Test02_Verify_Google_Search_Button" finished-at="2018-04-23T23:37:24Z" duration-ms="97" status="PASS">
          <reporter-output>
          </reporter-output>
        </test-method> <!-- Test02_Verify_Google_Search_Button -->
        <test-method signature="Test03_Verify_Google_Feeling_Lucky_Button()[pri:0, instance:com.codebase.WebTestClass2@49e5f737]" started-at="2018-04-23T23:37:24Z" name="Test03_Verify_Google_Feeling_Lucky_Button" finished-at="2018-04-23T23:37:24Z" duration-ms="85" status="PASS">
          <reporter-output>
          </reporter-output>
        </test-method> <!-- Test03_Verify_Google_Feeling_Lucky_Button -->
        <test-method signature="Test04_Verify_Google_Field()[pri:0, instance:com.codebase.WebTestClass2@49e5f737]" started-at="2018-04-23T23:37:24Z" name="Test04_Verify_Google_Field" finished-at="2018-04-23T23:37:24Z" duration-ms="110" status="PASS">
          <reporter-output>
          </reporter-output>
        </test-method> <!-- Test04_Verify_Google_Field -->
        <test-method signature="Test05_Type_In_Google_Field()[pri:0, instance:com.codebase.WebTestClass2@49e5f737]" started-at="2018-04-23T23:37:24Z" name="Test05_Type_In_Google_Field" finished-at="2018-04-23T23:37:25Z" duration-ms="331" status="PASS">
          <reporter-output>
          </reporter-output>
        </test-method> <!-- Test05_Type_In_Google_Field -->
        <test-method signature="Test06_Verify_Country_Name()[pri:0, instance:com.codebase.WebTestClass2@49e5f737]" started-at="2018-04-23T23:37:25Z" name="Test06_Verify_Country_Name" finished-at="2018-04-23T23:37:25Z" duration-ms="116" status="PASS">
          <reporter-output>
          </reporter-output>
        </test-method> <!-- Test06_Verify_Country_Name -->
        <test-method is-config="true" signature="afterClass()[pri:0, instance:com.codebase.WebTestClass2@49e5f737]" started-at="2018-04-23T23:37:25Z" name="afterClass" finished-at="2018-04-23T23:37:27Z" duration-ms="2329" status="PASS">
          <reporter-output>
          </reporter-output>
        </test-method> <!-- afterClass -->
      </class> <!-- com.codebase.WebTestClass2 -->
    </test> <!-- Regressions -->
  </suite> <!-- CodeBaseSuite -->
</testng-results>
