<?xml version="1.0" encoding="UTF-8"?>
<testng-results skipped="0" failed="0" ignored="0" total="7" passed="7">
  <reporter-output>
    <line>
      <![CDATA[setting value isnull]]>
    </line>
    <line>
      <![CDATA[=================================================================]]>
    </line>
    <line>
      <![CDATA[=================================================================]]>
    </line>
    <line>
      <![CDATA[[INFO]: TEST BROWSER IS  CHROME]]>
    </line>
    <line>
      <![CDATA[=================================================================]]>
    </line>
    <line>
      <![CDATA[=================================================================]]>
    </line>
  </reporter-output>
  <suite name="Default suite" duration-ms="20725" started-at="2018-07-13T12:31:27Z" finished-at="2018-07-13T12:31:48Z">
    <groups>
    </groups>
    <test name="Default test" duration-ms="20725" started-at="2018-07-13T12:31:27Z" finished-at="2018-07-13T12:31:48Z">
      <class name="com.codebase.WebTestClass">
        <test-method status="PASS" signature="beforeClass()[pri:0, instance:com.codebase.WebTestClass@4bec1f0c]" name="beforeClass" is-config="true" duration-ms="18756" started-at="2018-07-13T12:31:27Z" finished-at="2018-07-13T12:31:46Z">
          <reporter-output>
            <line>
              <![CDATA[setting value isnull]]>
            </line>
            <line>
              <![CDATA[=================================================================]]>
            </line>
            <line>
              <![CDATA[=================================================================]]>
            </line>
            <line>
              <![CDATA[[INFO]: TEST BROWSER IS  CHROME]]>
            </line>
            <line>
              <![CDATA[=================================================================]]>
            </line>
            <line>
              <![CDATA[=================================================================]]>
            </line>
          </reporter-output>
        </test-method> <!-- beforeClass -->
        <test-method status="PASS" signature="Test01_Verify_Google_Title()[pri:0, instance:com.codebase.WebTestClass@4bec1f0c]" name="Test01_Verify_Google_Title" duration-ms="29" started-at="2018-07-13T12:31:46Z" finished-at="2018-07-13T12:31:46Z">
          <reporter-output>
          </reporter-output>
        </test-method> <!-- Test01_Verify_Google_Title -->
        <test-method status="PASS" signature="Test02_Verify_Google_Search_Button()[pri:0, instance:com.codebase.WebTestClass@4bec1f0c]" name="Test02_Verify_Google_Search_Button" duration-ms="157" started-at="2018-07-13T12:31:46Z" finished-at="2018-07-13T12:31:46Z">
          <reporter-output>
          </reporter-output>
        </test-method> <!-- Test02_Verify_Google_Search_Button -->
        <test-method status="PASS" signature="Test03_Verify_Google_Feeling_Lucky_Button()[pri:0, instance:com.codebase.WebTestClass@4bec1f0c]" name="Test03_Verify_Google_Feeling_Lucky_Button" duration-ms="69" started-at="2018-07-13T12:31:46Z" finished-at="2018-07-13T12:31:46Z">
          <reporter-output>
          </reporter-output>
        </test-method> <!-- Test03_Verify_Google_Feeling_Lucky_Button -->
        <test-method status="PASS" signature="Test04_Verify_Google_Field()[pri:0, instance:com.codebase.WebTestClass@4bec1f0c]" name="Test04_Verify_Google_Field" duration-ms="93" started-at="2018-07-13T12:31:46Z" finished-at="2018-07-13T12:31:46Z">
          <reporter-output>
          </reporter-output>
        </test-method> <!-- Test04_Verify_Google_Field -->
        <test-method status="PASS" signature="Test05_Type_In_Google_Field()[pri:0, instance:com.codebase.WebTestClass@4bec1f0c]" name="Test05_Type_In_Google_Field" duration-ms="611" started-at="2018-07-13T12:31:46Z" finished-at="2018-07-13T12:31:47Z">
          <reporter-output>
          </reporter-output>
        </test-method> <!-- Test05_Type_In_Google_Field -->
        <test-method status="PASS" signature="Test06_Verify_Country_Name()[pri:0, instance:com.codebase.WebTestClass@4bec1f0c]" name="Test06_Verify_Country_Name" duration-ms="166" started-at="2018-07-13T12:31:47Z" finished-at="2018-07-13T12:31:47Z">
          <reporter-output>
          </reporter-output>
        </test-method> <!-- Test06_Verify_Country_Name -->
        <test-method status="PASS" signature="Test07_Verify_Advertising_Link()[pri:0, instance:com.codebase.WebTestClass@4bec1f0c]" name="Test07_Verify_Advertising_Link" duration-ms="179" started-at="2018-07-13T12:31:47Z" finished-at="2018-07-13T12:31:47Z">
          <reporter-output>
          </reporter-output>
        </test-method> <!-- Test07_Verify_Advertising_Link -->
        <test-method status="PASS" signature="afterClass()[pri:0, instance:com.codebase.WebTestClass@4bec1f0c]" name="afterClass" is-config="true" duration-ms="499" started-at="2018-07-13T12:31:47Z" finished-at="2018-07-13T12:31:48Z">
          <reporter-output>
          </reporter-output>
        </test-method> <!-- afterClass -->
      </class> <!-- com.codebase.WebTestClass -->
    </test> <!-- Default test -->
  </suite> <!-- Default suite -->
</testng-results>
